<?xml version="1.0" encoding="UTF-8"?>
<!-- Generated by org.testng.reporters.JUnitReportReporter -->
<testsuite hostname="LAPTOP-KJ6MRKFC" failures="0" tests="1" name="com.qa.test.NewTestng" time="0.007" errors="0" timestamp="2020-06-22T17:01:13 IST" skipped="0">
  <testcase classname="com.qa.test.NewTestng" name="f" time="0.007"/>
  <system-out/>
</testsuite> <!-- com.qa.test.NewTestng -->
