<?xml version="1.0" encoding="UTF-8"?>
<!-- Generated by org.testng.reporters.JUnitReportReporter -->
<testsuite hostname="LAPTOP-KJ6MRKFC" failures="0" tests="1" name="com.qa.test.ExplicitWaitwithtestNg" time="6.430" errors="0" timestamp="2020-06-22T17:14:21 IST" skipped="0">
  <testcase classname="com.qa.test.ExplicitWaitwithtestNg" name="test" time="6.430"/>
  <system-out/>
</testsuite> <!-- com.qa.test.ExplicitWaitwithtestNg -->
