<?xml version="1.0" encoding="UTF-8"?>
<!-- Generated by org.testng.reporters.JUnitReportReporter -->
<testsuite hostname="LAPTOP-KJ6MRKFC" failures="0" tests="1" name="com.qa.test.NewTest" time="0.018" errors="0" timestamp="2020-06-22T16:59:49 IST" skipped="0">
  <testcase classname="com.qa.test.NewTest" name="f" time="0.018"/>
  <system-out/>
</testsuite> <!-- com.qa.test.NewTest -->
